[debug] [2023-01-14T12:50:27.513Z] ----------------------------------------------------------------------
[debug] [2023-01-14T12:50:27.515Z] Command:       C:\Program Files\nodejs\node.exe C:\Users\Timo\AppData\Roaming\npm\node_modules\firebase-tools\lib\bin\firebase.js init
[debug] [2023-01-14T12:50:27.516Z] CLI Version:   11.20.0
[debug] [2023-01-14T12:50:27.516Z] Platform:      win32
[debug] [2023-01-14T12:50:27.516Z] Node Version:  v18.13.0
[debug] [2023-01-14T12:50:27.517Z] Time:          Sat Jan 14 2023 13:50:27 GMT+0100 (Mitteleuropäische Normalzeit)
[debug] [2023-01-14T12:50:27.517Z] ----------------------------------------------------------------------
[debug] 
[debug] [2023-01-14T12:50:27.525Z] > command requires scopes: ["email","openid","https://www.googleapis.com/auth/cloudplatformprojects.readonly","https://www.googleapis.com/auth/firebase","https://www.googleapis.com/auth/cloud-platform"]
[debug] [2023-01-14T12:50:27.525Z] > authorizing via signed-in user (birthbysleep1991@googlemail.com)
[info] 
     ######## #### ########  ######## ########     ###     ######  ########
     ##        ##  ##     ## ##       ##     ##  ##   ##  ##       ##
     ######    ##  ########  ######   ########  #########  ######  ######
     ##        ##  ##    ##  ##       ##     ## ##     ##       ## ##
     ##       #### ##     ## ######## ########  ##     ##  ######  ########

You're about to initialize a Firebase project in this directory:

  C:\Development\udemy\angular-the-complete-guide\apps\course-project

Before we get started, keep in mind:

  * You are currently outside your home directory

